    C:\Program Files\ANSYS Inc\ANSYS Student\v251\commonfiles\CPython\3_10\winx64\Release\python\..\Ansys\TGrid\CADReaders.py started by ducphingo on Duc_Phi_Ngo winx64 on Wed Apr 23 08:48:19 2025
    using Python 3.10.14 (remotes/origin/fc7956328a802ed00ef70afbb7b8a7c425877c24-dirty:fc795632, Oct 29 2) [MSC v.1941 64 bit (AMD64)]
    
    using Ansys.Meshing.FieldMesher build Nov 25 2024 23:35:09
    
    running ANSYS TGrid CADToTGridConverter ...
    setting up parameters ...
    setting up parameters done.
    running conversion ...
    converting 1 file(s) from Workbench to FLTG using output path 'C:\Users\phidu\OneDrive\Desktop\pyFluent2\FM_Duc_Phi_Ngo_23008/out1745415990.31956523008.tgf'
    converting file 'Static Mixer geometry.dsco' (1 of 1) from Workbench to FLTG using output path 'C:\Users\phidu\OneDrive\Desktop\pyFluent2\FM_Duc_Phi_Ngo_23008'
    importing data ...
    importing meshing model from PartMgr from file 'C:\Users\phidu\OneDrive\Desktop\pyFluent2\geometry\Static Mixer geometry.dsco' ...
    setting enclosure and symmetry processing to False
    setting transfer named selections to True
    setting named selection prefixes to ''
    setting mixed import resolution type to 'SolidAndSurface'
    setting target application to 'FluentMeshing'
    attaching to assembly ...
    attaching to assembly done in 35.27 [s]
    processing assembly 'C:\Users\phidu\OneDrive\Desktop\pyFluent2\geometry\Static Mixer geometry.dsco' with ID 1 and reference key '<?xml version="1.0" encoding="utf-16"?>
    <IdTable xmlns:xsd="http://www.w3.org/2001/XMLSchema" xmlns:xsi="http://www.w3.org/2001/XMLSchema-instance">
      <Table>
        <Entry>
          <AssemblyVersionInfo>
            <AssemblySavedVersion>2147483647</AssemblySavedVersion>
            <AssemblySavedBuildDate>2147483647</AssemblySavedBuildDate>
            <MigrateToCompressedLabelIsDisabled>false</MigrateToCompressedLabelIsDisabled>
          </AssemblyVersionInfo>
          <Text>~sO_~iIaeee9e11-5395-4716-b354-c4bce659af74.51450_#~oEaeee9e11-5395-4716-b354-c4bce659af74.51446_#_</Text>
          <Id>10000</Id>
          <IsExploded>false</IsExploded>
        </Entry>
      </Table>
      <AssemblyVersionInfo>
        <AssemblySavedVersion>2147483647</AssemblySavedVersion>
        <AssemblySavedBuildDate>2147483647</AssemblySavedBuildDate>
        <MigrateToCompressedLabelIsDisabled>false</MigrateToCompressedLabelIsDisabled>
      </AssemblyVersionInfo>
    </IdTable>'
    length unit = [m]
    processing part 'Component2' with ID 3
    processing named selection 'velocity inlet 1'
    processing named selection 'velocity inlet 2'
    processing named selection 'pressure outlet'
    processing named selection 'fluid'
    processing named selection 'wall'
    processing data ...
    removing named collections of entities ...
    removing named collections of entities stopped, no named collections selected.
    analyzing feature edges ...
    detecting feature edges, feature angle = 40 [deg] ...
        Data information
            Meshing model
                Attributes:
                    'LengthUnit': '[mm]'
                Entity summary:
                    Collection: 5
                    Component : 2
                    Body      : 1
                    Shell     : 1
                    Face      : 9
                    Loop      : 16
                    Edge      : 8
                    Surface   : 9
                    Curve     : 8
                Tessellation summary:
                    Face facets  : 2312
                    Edge segments: 1194
                Bounding box:
                    (-1.988503813743591, -3, -2.009999752044678) x (2.011496067047119, 3, 2.500042676925659)
                Assembly component hierarchy:
                    'C:\Users\phidu\OneDrive\Desktop\pyFluent2\geometry\Static Mixer geometry.dsco'
                      'Component2'
                NamedCollections:
                    'velocity inlet 1'
                    'velocity inlet 2'
                    'pressure outlet'
                    'fluid'
                    'wall'
    
    
    exporting FLTG data to file 'C:\Users\phidu\OneDrive\Desktop\pyFluent2\FM_Duc_Phi_Ngo_23008\out1745415990.31956523008.tgf' ...
    writing face-based mesh file 'C:\Users\phidu\OneDrive\Desktop\pyFluent2\FM_Duc_Phi_Ngo_23008\out1745415990.31956523008.tgf' ...
    ======== Exported Data ========
    Entity summary:
        Object       : 1
        Object region: 6
        Zone         : 8
    
    running conversion done.
    running ANSYS TGrid CADToTGridConverter done.
    ran ANSYS TGrid CADToTGridConverter in 35.974 [s]
